<?xml version="1.0" encoding="UTF-8"?>
<testsuite xmlns:xsi="http://www.w3.org/2001/XMLSchema-instance" xsi:noNamespaceSchemaLocation="https://maven.apache.org/surefire/maven-surefire-plugin/xsd/surefire-test-report-3.0.xsd" version="3.0" name="com.vulnview.controller.AuthControllerTest" time="26.647" tests="3" errors="0" skipped="0" failures="0">
  <properties>
[...]
</properties>
  <testcase name="registerShouldReturnBadRequestForInvalidInput" classname="com.vulnview.controller.AuthControllerTest" time="0.591">
    <system-out><![CDATA[11:40:06.055 [main] INFO org.springframework.test.context.support.AnnotationConfigContextLoaderUtils -- Could not detect default configuration classes for test class [com.vulnview.controller.AuthControllerTest]: AuthControllerTest does not declare any static, non-private, non-final, nested classes annotated with @Configuration.
11:40:06.505 [main] INFO org.springframework.boot.test.context.SpringBootTestContextBootstrapper -- Found @SpringBootConfiguration com.vulnview.VulnViewApplication for test class com.vulnview.controller.AuthControllerTest

  .   ____          _            __ _ _
 /\\ / ___'_ __ _ _(_)_ __  __ _ \ \ \ \
( ( )\___ | '_ | '_| | '_ \/ _` | \ \ \ \
 \\/  ___)| |_)| | | | | || (_| |  ) ) ) )
  '  |____| .__|_| |_|_| |_\__, | / / / /
 =========|_|==============|___/=/_/_/_/
 :: Spring Boot ::                (v3.2.3)

2025-05-02T11:40:07.767+07:00  INFO 516600 --- [           main] c.v.controller.AuthControllerTest        : Starting AuthControllerTest using Java 17.0.14 with PID 516600 (started by tomatofarmer in /home/tomatofarmer/hoc/undergrad_thesis/vulnview-server)
2025-05-02T11:40:07.775+07:00  INFO 516600 --- [           main] c.v.controller.AuthControllerTest        : No active profile set, falling back to 1 default profile: "default"
2025-05-02T11:40:11.366+07:00  INFO 516600 --- [           main] .s.d.r.c.RepositoryConfigurationDelegate : Bootstrapping Spring Data JPA repositories in DEFAULT mode.
2025-05-02T11:40:11.581+07:00  INFO 516600 --- [           main] .s.d.r.c.RepositoryConfigurationDelegate : Finished Spring Data repository scanning in 200 ms. Found 10 JPA repository interfaces.
2025-05-02T11:40:17.493+07:00  INFO 516600 --- [           main] o.s.o.j.p.SpringPersistenceUnitInfo      : No LoadTimeWeaver setup: ignoring JPA class transformer
2025-05-02T11:40:17.621+07:00  INFO 516600 --- [           main] com.zaxxer.hikari.HikariDataSource       : HikariPool-1 - Starting...
2025-05-02T11:40:18.158+07:00  INFO 516600 --- [           main] com.zaxxer.hikari.pool.HikariPool        : HikariPool-1 - Added connection org.postgresql.jdbc.PgConnection@8dcacf1
2025-05-02T11:40:18.166+07:00  INFO 516600 --- [           main] com.zaxxer.hikari.HikariDataSource       : HikariPool-1 - Start completed.
2025-05-02T11:40:21.792+07:00  INFO 516600 --- [           main] j.LocalContainerEntityManagerFactoryBean : Initialized JPA EntityManagerFactory for persistence unit 'default'
2025-05-02T11:40:23.695+07:00  INFO 516600 --- [           main] o.s.d.j.r.query.QueryEnhancerFactory     : Hibernate is in classpath; If applicable, HQL parser will be used.
2025-05-02T11:40:27.332+07:00  WARN 516600 --- [           main] JpaBaseConfiguration$JpaWebConfiguration : spring.jpa.open-in-view is enabled by default. Therefore, database queries may be performed during view rendering. Explicitly configure spring.jpa.open-in-view to disable this warning
2025-05-02T11:40:29.102+07:00  INFO 516600 --- [           main] o.s.b.a.e.web.EndpointLinksResolver      : Exposing 1 endpoint(s) beneath base path '/actuator'
2025-05-02T11:40:29.352+07:00  INFO 516600 --- [           main] o.s.s.web.DefaultSecurityFilterChain     : Will secure any request with [org.springframework.security.web.session.DisableEncodeUrlFilter@333cf13e, org.springframework.security.web.context.request.async.WebAsyncManagerIntegrationFilter@4b3642c4, org.springframework.security.web.context.SecurityContextHolderFilter@57212116, org.springframework.security.web.header.HeaderWriterFilter@6cd76b55, org.springframework.web.filter.CorsFilter@7b2c8390, org.springframework.security.web.authentication.logout.LogoutFilter@4dc80b7a, com.vulnview.config.JwtAuthenticationFilter@5112858c, org.springframework.security.web.savedrequest.RequestCacheAwareFilter@6d61cfe4, org.springframework.security.web.servletapi.SecurityContextHolderAwareRequestFilter@17b17fa8, org.springframework.security.web.authentication.AnonymousAuthenticationFilter@16a3060c, org.springframework.security.web.session.SessionManagementFilter@1386f8bb, org.springframework.security.web.access.ExceptionTranslationFilter@76494bed, org.springframework.security.web.access.intercept.AuthorizationFilter@e786d7e]
2025-05-02T11:40:31.039+07:00  INFO 516600 --- [           main] o.s.b.t.m.w.SpringBootMockServletContext : Initializing Spring TestDispatcherServlet ''
2025-05-02T11:40:31.039+07:00  INFO 516600 --- [           main] o.s.t.web.servlet.TestDispatcherServlet  : Initializing Servlet ''
2025-05-02T11:40:31.043+07:00  INFO 516600 --- [           main] o.s.t.web.servlet.TestDispatcherServlet  : Completed initialization in 4 ms
2025-05-02T11:40:31.173+07:00  INFO 516600 --- [           main] o.s.m.s.b.SimpleBrokerMessageHandler     : Starting...
2025-05-02T11:40:31.175+07:00  INFO 516600 --- [           main] o.s.m.s.b.SimpleBrokerMessageHandler     : BrokerAvailabilityEvent[available=true, SimpleBrokerMessageHandler [org.springframework.messaging.simp.broker.DefaultSubscriptionRegistry@40fd518f]]
2025-05-02T11:40:31.176+07:00  INFO 516600 --- [           main] o.s.m.s.b.SimpleBrokerMessageHandler     : Started.
2025-05-02T11:40:31.218+07:00  INFO 516600 --- [           main] c.v.controller.AuthControllerTest        : Started AuthControllerTest in 24.428 seconds (process running for 27.137)
]]></system-out>
  </testcase>
  <testcase name="registerShouldCreateUserAndReturnToken" classname="com.vulnview.controller.AuthControllerTest" time="0.264"/>
  <testcase name="loginShouldAuthenticateAndReturnToken" classname="com.vulnview.controller.AuthControllerTest" time="0.091"/>
</testsuite>